\BOOKMARK [0][-]{chapter*.2}{\376\377\000L\036\335\000i\000\040\000n\000\363\000i\000\040\001\021\036\247\000u}{}% 1
\BOOKMARK [0][-]{chapter.1}{\376\377\000G\000i\036\333\000i\000\040\000t\000h\000i\036\307\000u\000\040\001\021\036\301\000\040\000t\000\340\000i}{}% 2
\BOOKMARK [1][-]{section.1.1}{\376\377\000B\036\321\000i\000\040\000c\036\243\000n\000h\000\040\000v\000\340\000\040\000l\000\375\000\040\000d\000o\000\040\000c\000h\036\315\000n\000\040\001\021\036\301\000\040\000t\000\340\000i}{chapter.1}% 3
\BOOKMARK [1][-]{section.1.2}{\376\377\000M\036\345\000c\000\040\000t\000i\000\352\000u\000\040\001\021\036\301\000\040\000t\000\340\000i}{chapter.1}% 4
\BOOKMARK [1][-]{section.1.3}{\376\377\001\020\036\321\000i\000\040\000t\001\260\036\343\000n\000g\000\040\000v\000\340\000\040\000p\000h\036\241\000m\000\040\000v\000i\000\040\000n\000g\000h\000i\000\352\000n\000\040\000c\036\351\000u}{chapter.1}% 5
\BOOKMARK [1][-]{section.1.4}{\376\377\000P\000h\001\260\001\241\000n\000g\000\040\000p\000h\000\341\000p\000\040\000t\000h\036\361\000c\000\040\000h\000i\036\307\000n}{chapter.1}% 6
\BOOKMARK [1][-]{section.1.5}{\376\377\000B\036\321\000\040\000c\036\345\000c\000\040\000b\000\341\000o\000\040\000c\000\341\000o}{chapter.1}% 7
\BOOKMARK [0][-]{chapter.2}{\376\377\000C\001\241\000\040\000s\036\337\000\040\000l\000\375\000\040\000t\000h\000u\000y\036\277\000t}{}% 8
\BOOKMARK [1][-]{section.2.1}{\376\377\000I\000D\000S\000,\000\040\000I\000P\000S\000\040\000v\000\340\000\040\000N\000I\000D\000S}{chapter.2}% 9
\BOOKMARK [1][-]{section.2.2}{\376\377\000P\000h\000\341\000t\000\040\000h\000i\036\307\000n\000\040\000t\000h\000e\000o\000\040\000c\000h\036\357\000\040\000k\000\375\000\040\000v\000\340\000\040\000I\000O\000C}{chapter.2}% 10
\BOOKMARK [1][-]{section.2.3}{\376\377\000P\000h\000\341\000t\000\040\000h\000i\036\307\000n\000\040\000t\000h\000e\000o\000\040\000h\000\340\000n\000h\000\040\000v\000i}{chapter.2}% 11
\BOOKMARK [1][-]{section.2.4}{\376\377\000C\000\341\000c\000\040\000k\000i\036\303\000u\000\040\000t\036\245\000n\000\040\000c\000\364\000n\000g\000\040\000t\000r\000o\000n\000g\000\040\000p\000h\036\241\000m\000\040\000v\000i\000\040\001\021\036\323\000\040\000\341\000n}{chapter.2}% 12
\BOOKMARK [2][-]{subsection.2.4.1}{\376\377\000Q\000u\000\351\000t\000\040\000c\036\325\000n\000g}{section.2.4}% 13
\BOOKMARK [2][-]{subsection.2.4.2}{\376\377\000I\000C\000M\000P\000\040\000F\000l\000o\000o\000d\000\040\000v\000\340\000\040\000S\000Y\000N\000\040\000F\000l\000o\000o\000d}{section.2.4}% 14
\BOOKMARK [2][-]{subsection.2.4.3}{\376\377\000D\000N\000S\000\040\000T\000u\000n\000n\000e\000l\000i\000n\000g}{section.2.4}% 15
\BOOKMARK [2][-]{subsection.2.4.4}{\376\377\000T\036\245\000n\000\040\000c\000\364\000n\000g\000\040\000H\000T\000T\000P\000\040\000d\036\361\000a\000\040\000t\000r\000\352\000n\000\040\000c\000h\036\357\000\040\000k\000\375}{section.2.4}% 16
\BOOKMARK [1][-]{section.2.5}{\376\377\000G\000i\036\333\000i\000\040\000h\036\241\000n\000\040\000l\000\375\000\040\000t\000h\000u\000y\036\277\000t\000\040\000l\000i\000\352\000n\000\040\000q\000u\000a\000n\000\040\001\021\036\277\000n\000\040\000t\000r\000i\036\303\000n\000\040\000k\000h\000a\000i}{chapter.2}% 17
\BOOKMARK [0][-]{chapter.3}{\376\377\000K\000i\036\277\000n\000\040\000t\000r\000\372\000c\000\040\000v\000\340\000\040\000T\000r\000i\036\303\000n\000\040\000k\000h\000a\000i\000\040\000H\036\307\000\040\000t\000h\036\321\000n\000g\000\040\000N\000I\000D\000S}{}% 18
\BOOKMARK [1][-]{section.3.1}{\376\377\000T\036\325\000n\000g\000\040\000q\000u\000a\000n\000\040\000k\000i\036\277\000n\000\040\000t\000r\000\372\000c}{chapter.3}% 19
\BOOKMARK [1][-]{section.3.2}{\376\377\000T\000h\000u\000\040\000t\000h\036\255\000p\000\040\000v\000\340\000\040\000c\000h\000u\036\251\000n\000\040\000h\000\363\000a\000\040\000g\000\363\000i\000\040\000t\000i\000n}{chapter.3}% 20
\BOOKMARK [2][-]{subsection.3.2.1}{\376\377\000C\000a\000p\000t\000u\000r\000e}{section.3.2}% 21
\BOOKMARK [2][-]{subsection.3.2.2}{\376\377\000P\000a\000c\000k\000e\000t\000E\000v\000e\000n\000t}{section.3.2}% 22
\BOOKMARK [1][-]{section.3.3}{\376\377\000D\000e\000t\000e\000c\000t\000i\000o\000n\000\040\000E\000n\000g\000i\000n\000e}{chapter.3}% 23
\BOOKMARK [1][-]{section.3.4}{\376\377\000L\000u\036\255\000t\000\040\000p\000h\000\341\000t\000\040\000h\000i\036\307\000n\000\040\000t\000\355\000c\000h\000\040\000h\036\343\000p}{chapter.3}% 24
\BOOKMARK [1][-]{section.3.5}{\376\377\000L\000u\036\255\000t\000\040\000c\000h\036\357\000\040\000k\000\375\000\040\000d\036\241\000n\000g\000\040\000S\000u\000r\000i\000c\000a\000t\000a\000-\000s\000t\000y\000l\000e\000\040\000s\000u\000b\000s\000e\000t}{chapter.3}% 25
\BOOKMARK [1][-]{section.3.6}{\376\377\000L\001\260\000u\000\040\000t\000r\036\357\000\040\000v\000\340\000\040\000d\000a\000s\000h\000b\000o\000a\000r\000d}{chapter.3}% 26
\BOOKMARK [0][-]{chapter.4}{\376\377\000K\036\313\000c\000h\000\040\000b\036\243\000n\000\040\000T\000h\036\355\000\040\000n\000g\000h\000i\036\307\000m\000\040\000v\000\340\000\040\001\020\000\341\000n\000h\000\040\000g\000i\000\341}{}% 27
\BOOKMARK [1][-]{section.4.1}{\376\377\000M\000\364\000i\000\040\000t\000r\001\260\036\335\000n\000g\000\040\000t\000h\036\355\000\040\000n\000g\000h\000i\036\307\000m}{chapter.4}% 28
\BOOKMARK [1][-]{section.4.2}{\376\377\000K\000h\036\337\000i\000\040\001\021\036\331\000n\000g\000\040\000h\036\307\000\040\000t\000h\036\321\000n\000g}{chapter.4}% 29
\BOOKMARK [1][-]{section.4.3}{\376\377\000C\000\341\000c\000\040\000k\036\313\000c\000h\000\040\000b\036\243\000n\000\040\000k\000i\036\303\000m\000\040\000t\000h\036\355}{chapter.4}% 30
\BOOKMARK [2][-]{subsection.4.3.1}{\376\377\000Q\000u\000\351\000t\000\040\000c\036\325\000n\000g\000\040\000b\036\261\000n\000g\000\040\000n\000m\000a\000p}{section.4.3}% 31
\BOOKMARK [2][-]{subsection.4.3.2}{\376\377\000I\000C\000M\000P\000\040\000P\000i\000n\000g\000\040\000F\000l\000o\000o\000d}{section.4.3}% 32
\BOOKMARK [2][-]{subsection.4.3.3}{\376\377\000T\000C\000P\000\040\000S\000Y\000N\000\040\000F\000l\000o\000o\000d}{section.4.3}% 33
\BOOKMARK [2][-]{subsection.4.3.4}{\376\377\000D\000N\000S\000\040\000t\000u\000n\000n\000e\000l\000i\000n\000g}{section.4.3}% 34
\BOOKMARK [2][-]{subsection.4.3.5}{\376\377\000H\000T\000T\000P\000\040\000s\000i\000g\000n\000a\000t\000u\000r\000e\000\040\000r\000u\000l\000e\000s}{section.4.3}% 35
\BOOKMARK [1][-]{section.4.4}{\376\377\001\020\000\341\000n\000h\000\040\000g\000i\000\341\000\040\000k\036\277\000t\000\040\000q\000u\036\243}{chapter.4}% 36
\BOOKMARK [0][-]{chapter.5}{\376\377\000K\036\277\000t\000\040\000l\000u\036\255\000n\000\040\000v\000\340\000\040\000H\001\260\036\333\000n\000g\000\040\000p\000h\000\341\000t\000\040\000t\000r\000i\036\303\000n}{}% 37
\BOOKMARK [1][-]{section.5.1}{\376\377\000K\036\277\000t\000\040\000q\000u\036\243\000\040\001\021\036\241\000t\000\040\001\021\001\260\036\343\000c}{chapter.5}% 38
\BOOKMARK [1][-]{section.5.2}{\376\377\000H\036\241\000n\000\040\000c\000h\036\277}{chapter.5}% 39
\BOOKMARK [1][-]{section.5.3}{\376\377\000H\001\260\036\333\000n\000g\000\040\000p\000h\000\341\000t\000\040\000t\000r\000i\036\303\000n}{chapter.5}% 40
\BOOKMARK [1][-]{section.5.4}{\376\377\000K\036\277\000t\000\040\000l\000u\036\255\000n}{chapter.5}% 41
\BOOKMARK [0][-]{chapter*.9}{\376\377\000T\000\340\000i\000\040\000l\000i\036\307\000u\000\040\000t\000h\000a\000m\000\040\000k\000h\036\243\000o}{}% 42
